Using pre-set license
Built from '2020.3/staging' branch; Version is '2020.3.10f1 (297d780c91bc) revision 2719096'; Using compiler version '192528614'; Build Type 'Release'
OS: 'Windows 10 Pro; OS build 19044.2130; Version 2009; 64bit' Language: 'en' Physical Memory: 8073 MB
BatchMode: 1, IsHumanControllingUs: 0, StartBugReporterOnCrash: 0, Is64bit: 1, IsPro: 0

 COMMAND LINE ARGUMENTS:
C:\Program Files\Unity\Hub\Editor\2020.3.10f1\Editor\Unity.exe
-adb2
-batchMode
-noUpm
-name
AssetImportWorker0
-projectPath
C:/Users/CNTorrance/Downloads/Sonic Dash
-logFile
Logs/AssetImportWorker0.log
-srvPort
63892
Successfully changed project path to: C:/Users/CNTorrance/Downloads/Sonic Dash
C:/Users/CNTorrance/Downloads/Sonic Dash
Using Asset Import Pipeline V2.
Refreshing native plugins compatible for Editor in 111.82 ms, found 2 plugins.
Preloading 0 native plugins for Editor in 0.00 ms.
Initialize engine version: 2020.3.10f1 (297d780c91bc)
[Subsystems] Discovering subsystems at path C:/Program Files/Unity/Hub/Editor/2020.3.10f1/Editor/Data/Resources/UnitySubsystems
[Subsystems] Discovering subsystems at path C:/Users/CNTorrance/Downloads/Sonic Dash/Assets
GfxDevice: creating device client; threaded=0
Direct3D:
    Version:  Direct3D 11.0 [level 11.1]
    Renderer: Intel(R) HD Graphics 520 (ID=0x1916)
    Vendor:   
    VRAM:     4036 MB
    Driver:   27.20.100.9171
Initialize mono
Mono path[0] = 'C:/Program Files/Unity/Hub/Editor/2020.3.10f1/Editor/Data/Managed'
Mono path[1] = 'C:/Program Files/Unity/Hub/Editor/2020.3.10f1/Editor/Data/MonoBleedingEdge/lib/mono/unityjit'
Mono config path = 'C:/Program Files/Unity/Hub/Editor/2020.3.10f1/Editor/Data/MonoBleedingEdge/etc'
Using monoOptions --debugger-agent=transport=dt_socket,embedding=1,server=y,suspend=n,address=127.0.0.1:56436
Begin MonoManager ReloadAssembly
Registering precompiled unity dll's ...
Register platform support module: C:/Program Files/Unity/Hub/Editor/2020.3.10f1/Editor/Data/PlaybackEngines/WebGLSupport/UnityEditor.WebGL.Extensions.dll
Register platform support module: C:/Program Files/Unity/Hub/Editor/2020.3.10f1/Editor/Data/PlaybackEngines/WindowsStandaloneSupport/UnityEditor.WindowsStandalone.Extensions.dll
Registered in 0.025258 seconds.
Native extension for WindowsStandalone target not found
Native extension for WebGL target not found
Refreshing native plugins compatible for Editor in 58.52 ms, found 2 plugins.
Preloading 0 native plugins for Editor in 0.00 ms.
Mono: successfully reloaded assembly
- Completed reload, in  7.299 seconds
Platform modules already initialized, skipping
Registering precompiled user dll's ...
Registered in 0.026610 seconds.
Begin MonoManager ReloadAssembly
Script error: OnCollisionEnter
This message parameter has to be of type: Collision
The message will be ignored.

Script error: OnCollisionStay
This message parameter has to be of type: Collision
The message will be ignored.

Native extension for WindowsStandalone target not found
Native extension for WebGL target not found
Refreshing native plugins compatible for Editor in 0.63 ms, found 2 plugins.
Preloading 0 native plugins for Editor in 0.00 ms.
Mono: successfully reloaded assembly
- Completed reload, in  2.585 seconds
Platform modules already initialized, skipping
========================================================================
Worker process is ready to serve import requests
Launched and connected shader compiler UnityShaderCompiler.exe after 0.15 seconds
Refreshing native plugins compatible for Editor in 0.43 ms, found 2 plugins.
Preloading 0 native plugins for Editor in 0.00 ms.
Unloading 1535 Unused Serialized files (Serialized files now loaded: 0)
System memory in use before: 82.0 MB.
System memory in use after: 82.0 MB.

Unloading 20 unused Assets to reduce memory usage. Loaded Objects now: 1982.
Total: 4.214600 ms (FindLiveObjects: 0.258000 ms CreateObjectMapping: 0.157800 ms MarkObjects: 3.668300 ms  DeleteObjects: 0.128700 ms)

========================================================================
Received Import Request.
  path: ProjectSettings/TagManager.asset
  artifactKey: Guid(00000000000000003000000000000000) Importer(815301076,1909f56bfc062723c751e8b465ee728b)
Start importing ProjectSettings/TagManager.asset using Guid(00000000000000003000000000000000) Importer(815301076,1909f56bfc062723c751e8b465ee728b)  -> (artifact id: 'ce6a35c3cddc746e7501c0bd0ed6d4ce') in 0.154382 seconds
  Import took 0.163944 seconds .

========================================================================
Received Prepare
Registering precompiled user dll's ...
Registered in 0.005742 seconds.
Begin MonoManager ReloadAssembly
Native extension for WindowsStandalone target not found
Native extension for WebGL target not found
Refreshing native plugins compatible for Editor in 0.46 ms, found 2 plugins.
Preloading 0 native plugins for Editor in 0.00 ms.
Mono: successfully reloaded assembly
- Completed reload, in  1.562 seconds
Platform modules already initialized, skipping
Script error: OnCollisionEnter
This message parameter has to be of type: Collision
The message will be ignored.

Script error: OnCollisionStay
This message parameter has to be of type: Collision
The message will be ignored.

Refreshing native plugins compatible for Editor in 0.55 ms, found 2 plugins.
Preloading 0 native plugins for Editor in 0.00 ms.
Unloading 1528 Unused Serialized files (Serialized files now loaded: 0)
System memory in use before: 81.8 MB.
System memory in use after: 81.9 MB.

Unloading 16 unused Assets to reduce memory usage. Loaded Objects now: 1985.
Total: 3.144700 ms (FindLiveObjects: 0.373700 ms CreateObjectMapping: 0.113300 ms MarkObjects: 2.566500 ms  DeleteObjects: 0.089900 ms)

========================================================================
Received Prepare
Registering precompiled user dll's ...
Registered in 0.009874 seconds.
Begin MonoManager ReloadAssembly
Native extension for WindowsStandalone target not found
Native extension for WebGL target not found
Refreshing native plugins compatible for Editor in 0.57 ms, found 2 plugins.
Preloading 0 native plugins for Editor in 0.00 ms.
Mono: successfully reloaded assembly
- Completed reload, in  1.815 seconds
Platform modules already initialized, skipping
Script error: OnCollisionEnter
This message parameter has to be of type: Collision
The message will be ignored.

Script error: OnCollisionStay
This message parameter has to be of type: Collision
The message will be ignored.

Refreshing native plugins compatible for Editor in 0.36 ms, found 2 plugins.
Preloading 0 native plugins for Editor in 0.00 ms.
Unloading 1528 Unused Serialized files (Serialized files now loaded: 0)
System memory in use before: 81.8 MB.
System memory in use after: 81.9 MB.

Unloading 15 unused Assets to reduce memory usage. Loaded Objects now: 1988.
Total: 4.646600 ms (FindLiveObjects: 0.333500 ms CreateObjectMapping: 0.094100 ms MarkObjects: 4.040300 ms  DeleteObjects: 0.176800 ms)

========================================================================
Received Prepare
Registering precompiled user dll's ...
Registered in 0.021808 seconds.
Begin MonoManager ReloadAssembly
Native extension for WindowsStandalone target not found
Native extension for WebGL target not found
Refreshing native plugins compatible for Editor in 0.61 ms, found 2 plugins.
Preloading 0 native plugins for Editor in 0.00 ms.
Mono: successfully reloaded assembly
- Completed reload, in  4.698 seconds
Platform modules already initialized, skipping
Script error: OnCollisionEnter
This message parameter has to be of type: Collision
The message will be ignored.

Script error: OnCollisionStay
This message parameter has to be of type: Collision
The message will be ignored.

Refreshing native plugins compatible for Editor in 0.41 ms, found 2 plugins.
Preloading 0 native plugins for Editor in 0.00 ms.
Unloading 1528 Unused Serialized files (Serialized files now loaded: 0)
System memory in use before: 81.8 MB.
System memory in use after: 81.9 MB.

Unloading 15 unused Assets to reduce memory usage. Loaded Objects now: 1991.
Total: 5.620000 ms (FindLiveObjects: 0.545500 ms CreateObjectMapping: 0.194900 ms MarkObjects: 4.714900 ms  DeleteObjects: 0.162100 ms)

========================================================================
Received Prepare
Registering precompiled user dll's ...
Registered in 0.015898 seconds.
Begin MonoManager ReloadAssembly
Native extension for WindowsStandalone target not found
Native extension for WebGL target not found
Refreshing native plugins compatible for Editor in 0.53 ms, found 2 plugins.
Preloading 0 native plugins for Editor in 0.00 ms.
Mono: successfully reloaded assembly
- Completed reload, in  1.519 seconds
Platform modules already initialized, skipping
Refreshing native plugins compatible for Editor in 0.40 ms, found 2 plugins.
Preloading 0 native plugins for Editor in 0.00 ms.
Unloading 1528 Unused Serialized files (Serialized files now loaded: 0)
System memory in use before: 81.9 MB.
System memory in use after: 81.9 MB.

Unloading 15 unused Assets to reduce memory usage. Loaded Objects now: 1994.
Total: 2.834400 ms (FindLiveObjects: 0.192900 ms CreateObjectMapping: 0.071000 ms MarkObjects: 2.484600 ms  DeleteObjects: 0.085100 ms)

========================================================================
Received Prepare
Registering precompiled user dll's ...
Registered in 0.006929 seconds.
Begin MonoManager ReloadAssembly
Native extension for WindowsStandalone target not found
Native extension for WebGL target not found
Refreshing native plugins compatible for Editor in 0.63 ms, found 2 plugins.
Preloading 0 native plugins for Editor in 0.00 ms.
Mono: successfully reloaded assembly
- Completed reload, in  1.416 seconds
Platform modules already initialized, skipping
Refreshing native plugins compatible for Editor in 0.38 ms, found 2 plugins.
Preloading 0 native plugins for Editor in 0.00 ms.
Unloading 1528 Unused Serialized files (Serialized files now loaded: 0)
System memory in use before: 81.9 MB.
System memory in use after: 81.9 MB.

Unloading 15 unused Assets to reduce memory usage. Loaded Objects now: 1997.
Total: 2.619600 ms (FindLiveObjects: 0.194400 ms CreateObjectMapping: 0.067900 ms MarkObjects: 2.212100 ms  DeleteObjects: 0.144300 ms)

========================================================================
Received Prepare
Registering precompiled user dll's ...
Registered in 0.007846 seconds.
Begin MonoManager ReloadAssembly
Native extension for WindowsStandalone target not found
Native extension for WebGL target not found
Refreshing native plugins compatible for Editor in 0.40 ms, found 2 plugins.
Preloading 0 native plugins for Editor in 0.00 ms.
Mono: successfully reloaded assembly
- Completed reload, in  1.652 seconds
Platform modules already initialized, skipping
Refreshing native plugins compatible for Editor in 0.37 ms, found 2 plugins.
Preloading 0 native plugins for Editor in 0.00 ms.
Unloading 1528 Unused Serialized files (Serialized files now loaded: 0)
System memory in use before: 81.9 MB.
System memory in use after: 81.9 MB.

Unloading 15 unused Assets to reduce memory usage. Loaded Objects now: 2000.
Total: 2.860000 ms (FindLiveObjects: 0.185600 ms CreateObjectMapping: 0.070600 ms MarkObjects: 2.507000 ms  DeleteObjects: 0.095400 ms)

========================================================================
Received Import Request.
  Time since last request: 1418.237079 seconds.
  path: Assets/New Material 1.mat
  artifactKey: Guid(6ec815f1fe422284e8c5396efde8d172) Importer(815301076,1909f56bfc062723c751e8b465ee728b)
Start importing Assets/New Material 1.mat using Guid(6ec815f1fe422284e8c5396efde8d172) Importer(815301076,1909f56bfc062723c751e8b465ee728b)  -> (artifact id: '8a40b574a8345cee07a37e13e5ce34ae') in 0.163360 seconds
  Import took 0.168126 seconds .

========================================================================
Received Import Request.
  Time since last request: 0.000404 seconds.
  path: Assets/New Material.mat
  artifactKey: Guid(5a69b1394fbbc9941b91b9928502a014) Importer(815301076,1909f56bfc062723c751e8b465ee728b)
Start importing Assets/New Material.mat using Guid(5a69b1394fbbc9941b91b9928502a014) Importer(815301076,1909f56bfc062723c751e8b465ee728b)  -> (artifact id: '2bcbf146b5134edb9cc53bea7b056414') in 0.036063 seconds
  Import took 0.043643 seconds .

========================================================================
Received Import Request.
  Time since last request: 0.000480 seconds.
  path: Assets/New Terrain.asset
  artifactKey: Guid(d253320d574e65e4988a5f156fce3a08) Importer(815301076,1909f56bfc062723c751e8b465ee728b)
Start importing Assets/New Terrain.asset using Guid(d253320d574e65e4988a5f156fce3a08) Importer(815301076,1909f56bfc062723c751e8b465ee728b)  -> (artifact id: '83ed933d132a34797c7692259d000838') in 0.033587 seconds
  Import took 0.040447 seconds .

========================================================================
Received Prepare
Registering precompiled user dll's ...
Registered in 0.007095 seconds.
Begin MonoManager ReloadAssembly
Native extension for WindowsStandalone target not found
Native extension for WebGL target not found
Refreshing native plugins compatible for Editor in 0.44 ms, found 2 plugins.
Preloading 0 native plugins for Editor in 0.00 ms.
Mono: successfully reloaded assembly
- Completed reload, in  1.514 seconds
Platform modules already initialized, skipping
Refreshing native plugins compatible for Editor in 0.48 ms, found 2 plugins.
Preloading 0 native plugins for Editor in 0.00 ms.
Unloading 1528 Unused Serialized files (Serialized files now loaded: 0)
System memory in use before: 85.2 MB.
System memory in use after: 85.3 MB.

Unloading 15 unused Assets to reduce memory usage. Loaded Objects now: 2043.
Total: 2.862600 ms (FindLiveObjects: 0.200000 ms CreateObjectMapping: 0.068600 ms MarkObjects: 2.504800 ms  DeleteObjects: 0.088000 ms)

========================================================================
Received Import Request.
  Time since last request: 517.693910 seconds.
  path: Assets/New Material 2.mat
  artifactKey: Guid(e3c5121d96eb5f349a51009937f1a9fa) Importer(815301076,1909f56bfc062723c751e8b465ee728b)
Start importing Assets/New Material 2.mat using Guid(e3c5121d96eb5f349a51009937f1a9fa) Importer(815301076,1909f56bfc062723c751e8b465ee728b)  -> (artifact id: 'c0faeb5eb3342e940bac1e734f152f34') in 0.107280 seconds
  Import took 0.113735 seconds .

========================================================================
Received Import Request.
  Time since last request: 371.746294 seconds.
  path: Assets/New Material 3.mat
  artifactKey: Guid(afc8d1eab61d8c7478711b59531b90cf) Importer(815301076,1909f56bfc062723c751e8b465ee728b)
Start importing Assets/New Material 3.mat using Guid(afc8d1eab61d8c7478711b59531b90cf) Importer(815301076,1909f56bfc062723c751e8b465ee728b)  -> (artifact id: '18a0bec557c93a2d35f050fc6903e5de') in 0.052810 seconds
  Import took 0.061918 seconds .

========================================================================
Received Import Request.
  Time since last request: 1015.973102 seconds.
  path: Assets/New Material 4.mat
  artifactKey: Guid(80b898385f627b34a83c7a225467674b) Importer(815301076,1909f56bfc062723c751e8b465ee728b)
Start importing Assets/New Material 4.mat using Guid(80b898385f627b34a83c7a225467674b) Importer(815301076,1909f56bfc062723c751e8b465ee728b)  -> (artifact id: '6676b306275884d73434ce33b9677303') in 0.094958 seconds
  Import took 0.110760 seconds .

========================================================================
Received Import Request.
  Time since last request: 536.716628 seconds.
  path: Assets/New Material 5.mat
  artifactKey: Guid(3f7199c537e294845a5c6a7fb9b8008c) Importer(815301076,1909f56bfc062723c751e8b465ee728b)
Start importing Assets/New Material 5.mat using Guid(3f7199c537e294845a5c6a7fb9b8008c) Importer(815301076,1909f56bfc062723c751e8b465ee728b)  -> (artifact id: 'c9849dcff7dbf73bb4f0d3693610b24b') in 0.091655 seconds
  Import took 0.103574 seconds .

========================================================================
Received Prepare
Registering precompiled user dll's ...
Registered in 0.010863 seconds.
Begin MonoManager ReloadAssembly
Native extension for WindowsStandalone target not found
Native extension for WebGL target not found
Refreshing native plugins compatible for Editor in 0.37 ms, found 2 plugins.
Preloading 0 native plugins for Editor in 0.00 ms.
Mono: successfully reloaded assembly
- Completed reload, in  1.387 seconds
Platform modules already initialized, skipping
Refreshing native plugins compatible for Editor in 0.40 ms, found 2 plugins.
Preloading 0 native plugins for Editor in 0.00 ms.
Unloading 1528 Unused Serialized files (Serialized files now loaded: 0)
System memory in use before: 85.2 MB.
System memory in use after: 85.3 MB.

Unloading 15 unused Assets to reduce memory usage. Loaded Objects now: 2047.
Total: 3.983600 ms (FindLiveObjects: 0.386300 ms CreateObjectMapping: 0.147900 ms MarkObjects: 3.163800 ms  DeleteObjects: 0.283600 ms)

========================================================================
Received Import Request.
  Time since last request: 701.738575 seconds.
  path: Assets/New Material 2.mat
  artifactKey: Guid(e3c5121d96eb5f349a51009937f1a9fa) Importer(815301076,1909f56bfc062723c751e8b465ee728b)
Start importing Assets/New Material 2.mat using Guid(e3c5121d96eb5f349a51009937f1a9fa) Importer(815301076,1909f56bfc062723c751e8b465ee728b)  -> (artifact id: 'c948d4cda5094c8e460f1261c6b74484') in 0.103521 seconds
  Import took 0.110280 seconds .

========================================================================
Received Import Request.
  Time since last request: 0.000291 seconds.
  path: Assets/New Material 4.mat
  artifactKey: Guid(80b898385f627b34a83c7a225467674b) Importer(815301076,1909f56bfc062723c751e8b465ee728b)
Start importing Assets/New Material 4.mat using Guid(80b898385f627b34a83c7a225467674b) Importer(815301076,1909f56bfc062723c751e8b465ee728b)  -> (artifact id: '5b528ee0030527519460b94f8e9dfebd') in 0.024452 seconds
  Import took 0.029257 seconds .

========================================================================
Received Import Request.
  Time since last request: 0.000315 seconds.
  path: Assets/New Material 3.mat
  artifactKey: Guid(afc8d1eab61d8c7478711b59531b90cf) Importer(815301076,1909f56bfc062723c751e8b465ee728b)
Start importing Assets/New Material 3.mat using Guid(afc8d1eab61d8c7478711b59531b90cf) Importer(815301076,1909f56bfc062723c751e8b465ee728b)  -> (artifact id: 'c33adb44ef698b83644eece6e01dc99b') in 0.023630 seconds
  Import took 0.027155 seconds .

========================================================================
Received Import Request.
  Time since last request: 0.000314 seconds.
  path: Assets/New Material.mat
  artifactKey: Guid(5a69b1394fbbc9941b91b9928502a014) Importer(815301076,1909f56bfc062723c751e8b465ee728b)
Start importing Assets/New Material.mat using Guid(5a69b1394fbbc9941b91b9928502a014) Importer(815301076,1909f56bfc062723c751e8b465ee728b)  -> (artifact id: 'b7115e2cb8f39b5963790f46d33de694') in 0.020364 seconds
  Import took 0.026867 seconds .

========================================================================
Received Import Request.
  Time since last request: 0.000320 seconds.
  path: Assets/New Material 5.mat
  artifactKey: Guid(3f7199c537e294845a5c6a7fb9b8008c) Importer(815301076,1909f56bfc062723c751e8b465ee728b)
Start importing Assets/New Material 5.mat using Guid(3f7199c537e294845a5c6a7fb9b8008c) Importer(815301076,1909f56bfc062723c751e8b465ee728b)  -> (artifact id: 'd3748cc5eeea722ba1bb7879a9d3273f') in 0.024447 seconds
  Import took 0.029465 seconds .

========================================================================
Received Import Request.
  Time since last request: 15.950560 seconds.
  path: Assets/Scenes
  artifactKey: Guid(8208ddec325449341acadbe4edd77f35) Importer(815301076,1909f56bfc062723c751e8b465ee728b)
Start importing Assets/Scenes using Guid(8208ddec325449341acadbe4edd77f35) Importer(815301076,1909f56bfc062723c751e8b465ee728b)  -> (artifact id: '2dead50ab11fe6ab67491ce20cab7aa4') in 0.010453 seconds
  Import took 0.014054 seconds .

========================================================================
Received Import Request.
  Time since last request: 0.038389 seconds.
  path: Assets/Move.cs
  artifactKey: Guid(d97f39e65bbd7c0449f6501c477961c1) Importer(815301076,1909f56bfc062723c751e8b465ee728b)
Start importing Assets/Move.cs using Guid(d97f39e65bbd7c0449f6501c477961c1) Importer(815301076,1909f56bfc062723c751e8b465ee728b)  -> (artifact id: '8998cadb521b4387651cec133b0e7573') in 0.035272 seconds
  Import took 0.040841 seconds .

========================================================================
Received Import Request.
  Time since last request: 0.093568 seconds.
  path: Assets/Scenes/SampleScene.unity
  artifactKey: Guid(9fc0d4010bbf28b4594072e72b8655ab) Importer(815301076,1909f56bfc062723c751e8b465ee728b)
Start importing Assets/Scenes/SampleScene.unity using Guid(9fc0d4010bbf28b4594072e72b8655ab) Importer(815301076,1909f56bfc062723c751e8b465ee728b)  -> (artifact id: 'e62a43bd64f23787c1905ca42f40f8d2') in 0.009513 seconds
  Import took 0.013499 seconds .

AssetImportWorkerClient::OnTransportError - code=2 error=End of file
